<?xml version="1.0" encoding="UTF-8" ?>
<testsuite tests="16" failures="0" name="test.java.TestAll" time="0.06" errors="2" skipped="2">
  <properties>
[...]
</properties>
  <testcase classname="Scenario: Als Ibis4Risk gebruiker kan ik het demo project openenen" name="Given Gegeven dat ik ingelogged ben" time="0.003"/>
  <testcase classname="Scenario: Als Ibis4Risk gebruiker kan ik het demo project openenen" name="When Wanneer ik naar Ibis4Risk ga" time="0.011">
    <error message="Unable to locate element: {&quot;method&quot;:&quot;xpath&quot;,&quot;selector&quot;:&quot;id(&apos;side-menu&apos;)/li/a[contains(@href,&apos;IBIS4Risk&apos;)]&quot;}
Command duration or timeout: 9 milliseconds
For documentation on this error, please visit: http://seleniumhq.org/exceptions/no_such_element.html
Build info: version: &apos;2.53.1&apos;, revision: &apos;a36b8b1cd5757287168e54b817830adce9b0158d&apos;, time: &apos;2016-06-30 19:26:09&apos;
System info: host: &apos;Erwin-Laptop&apos;, ip: &apos;192.168.0.103&apos;, os.name: &apos;Windows 10&apos;, os.arch: &apos;amd64&apos;, os.version: &apos;10.0&apos;, java.version: &apos;1.8.0_65&apos;
Driver info: org.openqa.selenium.firefox.FirefoxDriver
Capabilities [{applicationCacheEnabled=true, rotatable=false, handlesAlerts=true, databaseEnabled=true, version=47.0.1, platform=WINDOWS, nativeEvents=false, acceptSslCerts=true, webStorageEnabled=true, locationContextEnabled=true, browserName=firefox, takesScreenshot=true, javascriptEnabled=true, cssSelectorsEnabled=true}]
Session ID: 822800da-72f6-41aa-bdb3-3bb458e47eff
*** Element info: {Using=xpath, value=id(&apos;side-menu&apos;)/li/a[contains(@href,&apos;IBIS4Risk&apos;)]}" type="org.openqa.selenium.NoSuchElementException">org.openqa.selenium.NoSuchElementException: Unable to locate element: {&quot;method&quot;:&quot;xpath&quot;,&quot;selector&quot;:&quot;id(&apos;side-menu&apos;)/li/a[contains(@href,&apos;IBIS4Risk&apos;)]&quot;}
Command duration or timeout: 9 milliseconds
For documentation on this error, please visit: http://seleniumhq.org/exceptions/no_such_element.html
Build info: version: &apos;2.53.1&apos;, revision: &apos;a36b8b1cd5757287168e54b817830adce9b0158d&apos;, time: &apos;2016-06-30 19:26:09&apos;
System info: host: &apos;Erwin-Laptop&apos;, ip: &apos;192.168.0.103&apos;, os.name: &apos;Windows 10&apos;, os.arch: &apos;amd64&apos;, os.version: &apos;10.0&apos;, java.version: &apos;1.8.0_65&apos;
Driver info: org.openqa.selenium.firefox.FirefoxDriver
Capabilities [{applicationCacheEnabled=true, rotatable=false, handlesAlerts=true, databaseEnabled=true, version=47.0.1, platform=WINDOWS, nativeEvents=false, acceptSslCerts=true, webStorageEnabled=true, locationContextEnabled=true, browserName=firefox, takesScreenshot=true, javascriptEnabled=true, cssSelectorsEnabled=true}]
Session ID: 822800da-72f6-41aa-bdb3-3bb458e47eff
*** Element info: {Using=xpath, value=id(&apos;side-menu&apos;)/li/a[contains(@href,&apos;IBIS4Risk&apos;)]}
	at sun.reflect.GeneratedConstructorAccessor11.newInstance(Unknown Source)
	at sun.reflect.DelegatingConstructorAccessorImpl.newInstance(DelegatingConstructorAccessorImpl.java:45)
	at java.lang.reflect.Constructor.newInstance(Constructor.java:422)
	at org.openqa.selenium.remote.ErrorHandler.createThrowable(ErrorHandler.java:206)
	at org.openqa.selenium.remote.ErrorHandler.throwIfResponseFailed(ErrorHandler.java:158)
	at org.openqa.selenium.remote.RemoteWebDriver.execute(RemoteWebDriver.java:678)
	at org.openqa.selenium.remote.RemoteWebDriver.findElement(RemoteWebDriver.java:363)
	at org.openqa.selenium.remote.RemoteWebDriver.findElementByXPath(RemoteWebDriver.java:500)
	at org.openqa.selenium.By$ByXPath.findElement(By.java:361)
	at org.openqa.selenium.remote.RemoteWebDriver.findElement(RemoteWebDriver.java:355)
	at test.java.pageobjects.AbstractPage.findElementOnPage(AbstractPage.java:49)
	at test.java.pageobjects.OverviewPage.clickIbis4Risk(OverviewPage.java:65)
	at test.java.step_definitions.Ibis4RiskSteps.Wanneer_ik_naar_ibis_main_ga(Ibis4RiskSteps.java:21)
	at ✽.When Wanneer ik naar Ibis4Risk ga(Ibis4risk.feature:7)
Caused by: org.openqa.selenium.NoSuchElementException: Unable to locate element: {&quot;method&quot;:&quot;xpath&quot;,&quot;selector&quot;:&quot;id(&apos;side-menu&apos;)/li/a[contains(@href,&apos;IBIS4Risk&apos;)]&quot;}
For documentation on this error, please visit: http://seleniumhq.org/exceptions/no_such_element.html
Build info: version: &apos;2.53.1&apos;, revision: &apos;a36b8b1cd5757287168e54b817830adce9b0158d&apos;, time: &apos;2016-06-30 19:26:09&apos;
System info: host: &apos;Erwin-Laptop&apos;, ip: &apos;192.168.0.103&apos;, os.name: &apos;Windows 10&apos;, os.arch: &apos;amd64&apos;, os.version: &apos;10.0&apos;, java.version: &apos;1.8.0_65&apos;
Driver info: driver.version: unknown
	at &lt;anonymous class&gt;.FirefoxDriver.prototype.findElementInternal_(file:///C:/Users/Erwin/AppData/Local/Temp/anonymous7210097486423798325webdriver-profile/extensions/fxdriver@googlecode.com/components/driver-component.js:10770)
	at &lt;anonymous class&gt;.FirefoxDriver.prototype.findElement(file:///C:/Users/Erwin/AppData/Local/Temp/anonymous7210097486423798325webdriver-profile/extensions/fxdriver@googlecode.com/components/driver-component.js:10779)
	at &lt;anonymous class&gt;.DelayedCommand.prototype.executeInternal_/h(file:///C:/Users/Erwin/AppData/Local/Temp/anonymous7210097486423798325webdriver-profile/extensions/fxdriver@googlecode.com/components/command-processor.js:12661)
	at &lt;anonymous class&gt;.DelayedCommand.prototype.executeInternal_(file:///C:/Users/Erwin/AppData/Local/Temp/anonymous7210097486423798325webdriver-profile/extensions/fxdriver@googlecode.com/components/command-processor.js:12666)
	at &lt;anonymous class&gt;.DelayedCommand.prototype.execute/&lt;(file:///C:/Users/Erwin/AppData/Local/Temp/anonymous7210097486423798325webdriver-profile/extensions/fxdriver@googlecode.com/components/command-processor.js:12608)
</error>
  </testcase>
  <testcase classname="Scenario: Als Ibis4Risk gebruiker kan ik het demo project openenen" name="Scenario: Als Ibis4Risk gebruiker kan ik het demo project openenen" time="0.015">
    <error message="Unable to locate element: {&quot;method&quot;:&quot;xpath&quot;,&quot;selector&quot;:&quot;id(&apos;side-menu&apos;)/li/a[contains(@href,&apos;IBIS4Risk&apos;)]&quot;}
Command duration or timeout: 9 milliseconds
For documentation on this error, please visit: http://seleniumhq.org/exceptions/no_such_element.html
Build info: version: &apos;2.53.1&apos;, revision: &apos;a36b8b1cd5757287168e54b817830adce9b0158d&apos;, time: &apos;2016-06-30 19:26:09&apos;
System info: host: &apos;Erwin-Laptop&apos;, ip: &apos;192.168.0.103&apos;, os.name: &apos;Windows 10&apos;, os.arch: &apos;amd64&apos;, os.version: &apos;10.0&apos;, java.version: &apos;1.8.0_65&apos;
Driver info: org.openqa.selenium.firefox.FirefoxDriver
Capabilities [{applicationCacheEnabled=true, rotatable=false, handlesAlerts=true, databaseEnabled=true, version=47.0.1, platform=WINDOWS, nativeEvents=false, acceptSslCerts=true, webStorageEnabled=true, locationContextEnabled=true, browserName=firefox, takesScreenshot=true, javascriptEnabled=true, cssSelectorsEnabled=true}]
Session ID: 822800da-72f6-41aa-bdb3-3bb458e47eff
*** Element info: {Using=xpath, value=id(&apos;side-menu&apos;)/li/a[contains(@href,&apos;IBIS4Risk&apos;)]}" type="org.openqa.selenium.NoSuchElementException">org.openqa.selenium.NoSuchElementException: Unable to locate element: {&quot;method&quot;:&quot;xpath&quot;,&quot;selector&quot;:&quot;id(&apos;side-menu&apos;)/li/a[contains(@href,&apos;IBIS4Risk&apos;)]&quot;}
Command duration or timeout: 9 milliseconds
For documentation on this error, please visit: http://seleniumhq.org/exceptions/no_such_element.html
Build info: version: &apos;2.53.1&apos;, revision: &apos;a36b8b1cd5757287168e54b817830adce9b0158d&apos;, time: &apos;2016-06-30 19:26:09&apos;
System info: host: &apos;Erwin-Laptop&apos;, ip: &apos;192.168.0.103&apos;, os.name: &apos;Windows 10&apos;, os.arch: &apos;amd64&apos;, os.version: &apos;10.0&apos;, java.version: &apos;1.8.0_65&apos;
Driver info: org.openqa.selenium.firefox.FirefoxDriver
Capabilities [{applicationCacheEnabled=true, rotatable=false, handlesAlerts=true, databaseEnabled=true, version=47.0.1, platform=WINDOWS, nativeEvents=false, acceptSslCerts=true, webStorageEnabled=true, locationContextEnabled=true, browserName=firefox, takesScreenshot=true, javascriptEnabled=true, cssSelectorsEnabled=true}]
Session ID: 822800da-72f6-41aa-bdb3-3bb458e47eff
*** Element info: {Using=xpath, value=id(&apos;side-menu&apos;)/li/a[contains(@href,&apos;IBIS4Risk&apos;)]}
	at sun.reflect.GeneratedConstructorAccessor11.newInstance(Unknown Source)
	at sun.reflect.DelegatingConstructorAccessorImpl.newInstance(DelegatingConstructorAccessorImpl.java:45)
	at java.lang.reflect.Constructor.newInstance(Constructor.java:422)
	at org.openqa.selenium.remote.ErrorHandler.createThrowable(ErrorHandler.java:206)
	at org.openqa.selenium.remote.ErrorHandler.throwIfResponseFailed(ErrorHandler.java:158)
	at org.openqa.selenium.remote.RemoteWebDriver.execute(RemoteWebDriver.java:678)
	at org.openqa.selenium.remote.RemoteWebDriver.findElement(RemoteWebDriver.java:363)
	at org.openqa.selenium.remote.RemoteWebDriver.findElementByXPath(RemoteWebDriver.java:500)
	at org.openqa.selenium.By$ByXPath.findElement(By.java:361)
	at org.openqa.selenium.remote.RemoteWebDriver.findElement(RemoteWebDriver.java:355)
	at test.java.pageobjects.AbstractPage.findElementOnPage(AbstractPage.java:49)
	at test.java.pageobjects.OverviewPage.clickIbis4Risk(OverviewPage.java:65)
	at test.java.step_definitions.Ibis4RiskSteps.Wanneer_ik_naar_ibis_main_ga(Ibis4RiskSteps.java:21)
	at ✽.When Wanneer ik naar Ibis4Risk ga(Ibis4risk.feature:7)
Caused by: org.openqa.selenium.NoSuchElementException: Unable to locate element: {&quot;method&quot;:&quot;xpath&quot;,&quot;selector&quot;:&quot;id(&apos;side-menu&apos;)/li/a[contains(@href,&apos;IBIS4Risk&apos;)]&quot;}
For documentation on this error, please visit: http://seleniumhq.org/exceptions/no_such_element.html
Build info: version: &apos;2.53.1&apos;, revision: &apos;a36b8b1cd5757287168e54b817830adce9b0158d&apos;, time: &apos;2016-06-30 19:26:09&apos;
System info: host: &apos;Erwin-Laptop&apos;, ip: &apos;192.168.0.103&apos;, os.name: &apos;Windows 10&apos;, os.arch: &apos;amd64&apos;, os.version: &apos;10.0&apos;, java.version: &apos;1.8.0_65&apos;
Driver info: driver.version: unknown
	at &lt;anonymous class&gt;.FirefoxDriver.prototype.findElementInternal_(file:///C:/Users/Erwin/AppData/Local/Temp/anonymous7210097486423798325webdriver-profile/extensions/fxdriver@googlecode.com/components/driver-component.js:10770)
	at &lt;anonymous class&gt;.FirefoxDriver.prototype.findElement(file:///C:/Users/Erwin/AppData/Local/Temp/anonymous7210097486423798325webdriver-profile/extensions/fxdriver@googlecode.com/components/driver-component.js:10779)
	at &lt;anonymous class&gt;.DelayedCommand.prototype.executeInternal_/h(file:///C:/Users/Erwin/AppData/Local/Temp/anonymous7210097486423798325webdriver-profile/extensions/fxdriver@googlecode.com/components/command-processor.js:12661)
	at &lt;anonymous class&gt;.DelayedCommand.prototype.executeInternal_(file:///C:/Users/Erwin/AppData/Local/Temp/anonymous7210097486423798325webdriver-profile/extensions/fxdriver@googlecode.com/components/command-processor.js:12666)
	at &lt;anonymous class&gt;.DelayedCommand.prototype.execute/&lt;(file:///C:/Users/Erwin/AppData/Local/Temp/anonymous7210097486423798325webdriver-profile/extensions/fxdriver@googlecode.com/components/command-processor.js:12608)
</error>
  </testcase>
  <testcase classname="Scenario: Als Ibis4Risk gebruiker kan ik het demo project openenen" name="And En ik het Ibis4Risk demo project open" time="0.015">
    <skipped/>
  </testcase>
  <testcase classname="Scenario: Als Ibis4Risk gebruiker kan ik het demo project openenen" name="Then Dan zie ik het Ibis4Risk demo project" time="0.015">
    <skipped/>
  </testcase>
  <testcase classname="Scenario: Als Ibis Main gebruiker kan ik een demo project openenen" name="Given Gegeven dat ik ingelogged ben" time="0"/>
  <testcase classname="Scenario: Als Ibis Main gebruiker kan ik een demo project openenen" name="When Wanneer ik naar Ibis Main ga" time="0"/>
  <testcase classname="Scenario: Als Ibis Main gebruiker kan ik een demo project openenen" name="And En ik het IbisMain demo project open" time="0"/>
  <testcase classname="Scenario: Als Ibis Main gebruiker kan ik een demo project openenen" name="Then Dan zie ik het IbisMain demo project" time="0"/>
  <testcase classname="Scenario: Als Ibis Main gebruiker kan ik een demo project openenen" name="Scenario: Als Ibis Main gebruiker kan ik een demo project openenen" time="0.001"/>
  <testcase classname="Scenario: Als gebruiker kan ik in en uit loggen" name="Given Gegeven ik op de login pagina ben" time="0"/>
  <testcase classname="Scenario: Als gebruiker kan ik in en uit loggen" name="When En ik log in" time="0"/>
  <testcase classname="Scenario: Als gebruiker kan ik in en uit loggen" name="Then Dan zie ik de welkoms pagina" time="0"/>
  <testcase classname="Scenario: Als gebruiker kan ik in en uit loggen" name="When En ik log uit" time="0"/>
  <testcase classname="Scenario: Als gebruiker kan ik in en uit loggen" name="Then Dan zie ik de login pagina" time="0"/>
  <testcase classname="Scenario: Als gebruiker kan ik in en uit loggen" name="Scenario: Als gebruiker kan ik in en uit loggen" time="0"/>
</testsuite>